<?xml version="1.0" encoding="UTF-8"?>
<!-- Generated by org.testng.reporters.JUnitReportReporter -->
<testsuite hostname="L-PF3FZ1LD" failures="0" tests="1" name="tests.CheckWeather" time="2.146" errors="0" timestamp="2025-04-01T16:17:16 IST" skipped="0">
  <testcase classname="tests.CheckWeather" name="CheckWeatherMethod" time="2.146"/>
  <system-out/>
</testsuite> <!-- tests.CheckWeather -->
